16:29:17 WARN  :  [Hsm 55-1484] MSS file doesn't have NAME. So assuming NAME as system
16:29:32 INFO  : BSP Project P/standalone_bsp_0 has been successfully migrated.
16:35:48 INFO  : FPGA configured successfully with bitstream "C:/Users/Administrator.WIN-I4CR061GMDC/Desktop/lab1.sdk/SDK/SDK_Export/hw_platform_0/system_wrapper.bit"
16:36:09 INFO  : ps7_init is completed.
16:36:09 INFO  : ps7_post_config is completed.
16:36:09 INFO  : Processor reset is completed for ps7_cortexa9_0
16:38:34 ERROR : Unable to disconnect from existing targets
java.lang.NullPointerException
	at com.xilinx.sdk.targetmanager.internal.json.XMDJSONProcess.issueCommand(XMDJSONProcess.java:144)
	at com.xilinx.sdk.targetmanager.internal.TM.disconnectTarget(TM.java:338)
	at com.xilinx.sdk.targetmanager.internal.TM.disconnectExistingTargets(TM.java:320)
	at com.xilinx.sdk.targetmanager.internal.TM.terminate(TM.java:210)
	at com.xilinx.sdk.targetmanager.TMPlugin.stop(TMPlugin.java:57)
	at org.eclipse.osgi.framework.internal.core.BundleContextImpl$2.run(BundleContextImpl.java:771)
	at java.security.AccessController.doPrivileged(Native Method)
	at org.eclipse.osgi.framework.internal.core.BundleContextImpl.stop(BundleContextImpl.java:764)
	at org.eclipse.osgi.framework.internal.core.BundleHost.stopWorker(BundleHost.java:510)
	at org.eclipse.osgi.framework.internal.core.AbstractBundle.suspend(AbstractBundle.java:566)
	at org.eclipse.osgi.framework.internal.core.Framework.suspendBundle(Framework.java:1206)
	at org.eclipse.osgi.framework.internal.core.StartLevelManager.decFWSL(StartLevelManager.java:592)
	at org.eclipse.osgi.framework.internal.core.StartLevelManager.doSetStartLevel(StartLevelManager.java:257)
	at org.eclipse.osgi.framework.internal.core.StartLevelManager.shutdown(StartLevelManager.java:215)
	at org.eclipse.osgi.framework.internal.core.InternalSystemBundle.suspend(InternalSystemBundle.java:284)
	at org.eclipse.osgi.framework.internal.core.Framework.shutdown(Framework.java:692)
	at org.eclipse.osgi.framework.internal.core.Framework.close(Framework.java:600)
	at org.eclipse.core.runtime.adaptor.EclipseStarter.shutdown(EclipseStarter.java:399)
	at org.eclipse.core.runtime.adaptor.EclipseStarter.run(EclipseStarter.java:199)
	at sun.reflect.NativeMethodAccessorImpl.invoke0(Native Method)
	at sun.reflect.NativeMethodAccessorImpl.invoke(NativeMethodAccessorImpl.java:57)
	at sun.reflect.DelegatingMethodAccessorImpl.invoke(DelegatingMethodAccessorImpl.java:43)
	at java.lang.reflect.Method.invoke(Method.java:606)
	at org.eclipse.equinox.launcher.Main.invokeFramework(Main.java:629)
	at org.eclipse.equinox.launcher.Main.basicRun(Main.java:584)
	at org.eclipse.equinox.launcher.Main.run(Main.java:1438)
16:38:35 ERROR : Unexpected error while parsing XMD response ?: com.google.gson.JsonSyntaxException: com.google.gson.stream.MalformedJsonException: invalid number or unquoted string near 
16:46:46 ERROR : FPGA Configuration failed.Failed to download the bit file

    Failed to verify DONE bit after configuring FPGA


16:48:06 WARN  :  [Hsm 55-1484] MSS file doesn't have NAME. So assuming NAME as system
16:49:51 INFO  : FPGA configured successfully with bitstream "C:/Users/Administrator.WIN-I4CR061GMDC/Desktop/lab1.sdk/SDK/SDK_Export/hw_platform_0/system_wrapper.bit"
16:49:54 WARN  :  [Hsm 55-1484] MSS file doesn't have NAME. So assuming NAME as system
16:50:11 INFO  : ps7_init is completed.
16:50:11 INFO  : ps7_post_config is completed.
16:50:11 INFO  : Processor reset is completed for ps7_cortexa9_0
16:51:23 INFO  : Processor reset is completed for ps7_cortexa9_0
16:51:24 INFO  : ps7_cortexa9_0 Processor is in use. Please stop existing Run or Debug sessions before launching.
16:51:33 INFO  : ps7_cortexa9_0 Processor is in use. Please stop existing Run or Debug sessions before launching.
16:51:35 INFO  : Processor reset is completed for ps7_cortexa9_0
16:53:11 INFO  : FPGA configured successfully with bitstream "C:/Users/Administrator.WIN-I4CR061GMDC/Desktop/lab1.sdk/SDK/SDK_Export/hw_platform_0/system_wrapper.bit"
16:53:23 INFO  : ps7_init is completed.
16:53:24 INFO  : ps7_post_config is completed.
16:53:24 INFO  : Processor reset is completed for ps7_cortexa9_0
16:55:20 INFO  : FPGA configured successfully with bitstream "C:/Users/Administrator.WIN-I4CR061GMDC/Desktop/lab1.sdk/SDK/SDK_Export/hw_platform_0/system_wrapper.bit"
16:55:32 INFO  : ps7_init is completed.
16:55:32 INFO  : ps7_post_config is completed.
16:55:32 INFO  : Processor reset is completed for ps7_cortexa9_0
16:58:11 INFO  : Processor reset is completed for ps7_cortexa9_0
17:02:15 INFO  : Processor reset is completed for ps7_cortexa9_0
17:03:18 INFO  : Processor reset is completed for ps7_cortexa9_0
17:25:30 INFO  : FPGA configured successfully with bitstream "C:/Users/Administrator.WIN-I4CR061GMDC/Desktop/lab1.sdk/SDK/SDK_Export/hw_platform_0/system_wrapper.bit"
17:25:41 INFO  : ps7_init is completed.
17:25:41 INFO  : ps7_post_config is completed.
17:25:42 INFO  : Processor reset is completed for ps7_cortexa9_0
17:26:51 INFO  : Processor reset is completed for ps7_cortexa9_0
17:35:05 INFO  : Processor reset is completed for ps7_cortexa9_0
17:37:39 INFO  : Processor reset is completed for ps7_cortexa9_0
17:39:25 INFO  : Processor reset is completed for ps7_cortexa9_0
17:42:00 INFO  : Processor reset is completed for ps7_cortexa9_0
17:42:48 INFO  : Processor reset is completed for ps7_cortexa9_0
17:44:28 INFO  : Processor reset is completed for ps7_cortexa9_0
17:47:00 INFO  : ps7_cortexa9_0 Processor is in use. Please stop existing Run or Debug sessions before launching.
17:47:06 INFO  : Processor reset is completed for ps7_cortexa9_0
17:51:03 INFO  : Processor reset is completed for ps7_cortexa9_0
17:51:22 INFO  : ps7_cortexa9_0 Processor is in use. Please stop existing Run or Debug sessions before launching.
17:51:24 INFO  : Processor reset is completed for ps7_cortexa9_0
17:52:19 INFO  : ps7_cortexa9_0 Processor is in use. Please stop existing Run or Debug sessions before launching.
17:52:22 INFO  : Processor reset is completed for ps7_cortexa9_0
17:56:35 INFO  : FPGA configured successfully with bitstream "C:/Users/Administrator.WIN-I4CR061GMDC/Desktop/lab1.sdk/SDK/SDK_Export/hw_platform_0/system_wrapper.bit"
17:56:43 INFO  : ps7_init is completed.
17:56:43 INFO  : ps7_post_config is completed.
17:56:43 INFO  : Processor reset is completed for ps7_cortexa9_0
17:58:39 INFO  : FPGA configured successfully with bitstream "C:/Users/Administrator.WIN-I4CR061GMDC/Desktop/lab1.sdk/SDK/SDK_Export/hw_platform_0/system_wrapper.bit"
17:58:51 INFO  : ps7_init is completed.
17:58:52 INFO  : ps7_post_config is completed.
17:58:52 INFO  : Processor reset is completed for ps7_cortexa9_0
18:30:24 ERROR : Unexpected error while parsing XMD response ?: com.google.gson.JsonSyntaxException: com.google.gson.stream.MalformedJsonException: invalid number or unquoted string near 
18:36:13 INFO  : FPGA configured successfully with bitstream "C:/Users/Administrator.WIN-I4CR061GMDC/Desktop/lab1.sdk/SDK/SDK_Export/hw_platform_0/system_wrapper.bit"
18:36:17 WARN  :  [Hsm 55-1484] MSS file doesn't have NAME. So assuming NAME as system
18:36:26 INFO  : ps7_init is completed.
18:36:26 INFO  : ps7_post_config is completed.
18:36:26 INFO  : Processor reset is completed for ps7_cortexa9_0
18:39:43 INFO  : Processor reset is completed for ps7_cortexa9_0
18:42:09 ERROR : Checking FPGA configuration failed..Connection to Board Failed


    Unknown Error Occured
    Cable is not connected to the host

18:42:09 ERROR : Unexpected error while launching program.
com.xilinx.sdk.targetmanager.TMException: Connection to Board Failed


    Unknown Error Occured
    Cable is not connected to the host

	at com.xilinx.sdk.targetmanager.internal.TM.isFPGAConfigured(TM.java:386)
	at com.xilinx.sdk.debug.core.XilinxAppLaunchConfigurationDelegate.isFpgaConfigured(XilinxAppLaunchConfigurationDelegate.java:297)
	at com.xilinx.sdk.debug.core.XilinxAppLaunchConfigurationDelegate.launch(XilinxAppLaunchConfigurationDelegate.java:245)
	at com.xilinx.sdk.debug.ui.XilinxAppLaunchDelegateWrapper.launch(XilinxAppLaunchDelegateWrapper.java:31)
	at org.eclipse.debug.internal.core.LaunchConfiguration.launch(LaunchConfiguration.java:855)
	at org.eclipse.debug.internal.core.LaunchConfiguration.launch(LaunchConfiguration.java:704)
	at org.eclipse.debug.internal.ui.DebugUIPlugin.buildAndLaunch(DebugUIPlugin.java:1047)
	at org.eclipse.debug.internal.ui.DebugUIPlugin$8.run(DebugUIPlugin.java:1251)
	at org.eclipse.core.internal.jobs.Worker.run(Worker.java:54)
18:42:23 INFO  : FPGA configured successfully with bitstream "C:/Users/Administrator.WIN-I4CR061GMDC/Desktop/lab1.sdk/SDK/SDK_Export/hw_platform_0/system_wrapper.bit"
18:42:33 INFO  : ps7_init is completed.
18:42:33 INFO  : ps7_post_config is completed.
18:42:33 INFO  : Processor reset is completed for ps7_cortexa9_0
18:53:14 INFO  : FPGA configured successfully with bitstream "C:/Users/Administrator.WIN-I4CR061GMDC/Desktop/lab1.sdk/SDK/SDK_Export/hw_platform_0/system_wrapper.bit"
18:53:23 INFO  : ps7_init is completed.
18:53:23 INFO  : ps7_post_config is completed.
18:53:24 INFO  : Processor reset is completed for ps7_cortexa9_0
18:56:30 INFO  : FPGA configured successfully with bitstream "C:/Users/Administrator.WIN-I4CR061GMDC/Desktop/lab1.sdk/SDK/SDK_Export/hw_platform_0/system_wrapper.bit"
18:56:42 INFO  : ps7_init is completed.
18:56:42 INFO  : ps7_post_config is completed.
18:56:42 INFO  : Processor reset is completed for ps7_cortexa9_0
18:58:28 INFO  : ps7_cortexa9_0 Processor is in use. Please stop existing Run or Debug sessions before launching.
18:58:32 INFO  : Processor reset is completed for ps7_cortexa9_0
19:00:35 INFO  : Processor reset is completed for ps7_cortexa9_0
19:08:46 INFO  : FPGA configured successfully with bitstream "C:/Users/Administrator.WIN-I4CR061GMDC/Desktop/lab1.sdk/SDK/SDK_Export/hw_platform_0/system_wrapper.bit"
19:08:56 INFO  : FPGA configured successfully with bitstream "C:/Users/Administrator.WIN-I4CR061GMDC/Desktop/lab1.sdk/SDK/SDK_Export/hw_platform_0/system_wrapper.bit"
19:09:10 INFO  : ps7_init is completed.
19:09:10 INFO  : ps7_post_config is completed.
19:09:10 INFO  : Processor reset is completed for ps7_cortexa9_0
19:10:15 INFO  : Processor reset is completed for ps7_cortexa9_0
19:20:15 INFO  : Processor reset is completed for ps7_cortexa9_0
19:23:18 ERROR : Unexpected error while parsing XMD response ?: com.google.gson.JsonSyntaxException: com.google.gson.stream.MalformedJsonException: invalid number or unquoted string near 
00:32:59 INFO  : FPGA configured successfully with bitstream "C:/Users/Administrator.WIN-I4CR061GMDC/Desktop/lab1.sdk/SDK/SDK_Export/hw_platform_0/system_wrapper.bit"
00:33:02 WARN  :  [Hsm 55-1484] MSS file doesn't have NAME. So assuming NAME as system
00:33:31 WARN  :  [Hsm 55-1484] MSS file doesn't have NAME. So assuming NAME as system
00:34:33 ERROR : Unexpected error while parsing XMD response ?: com.google.gson.JsonSyntaxException: com.google.gson.stream.MalformedJsonException: invalid number or unquoted string near 
